ARM GAS  /tmp/cc8Sc8F7.s 			page 1


   1              		.cpu cortex-m3
   2              		.arch armv7-m
   3              		.fpu softvfp
   4              		.eabi_attribute 20, 1
   5              		.eabi_attribute 21, 1
   6              		.eabi_attribute 23, 3
   7              		.eabi_attribute 24, 1
   8              		.eabi_attribute 25, 1
   9              		.eabi_attribute 26, 1
  10              		.eabi_attribute 30, 1
  11              		.eabi_attribute 34, 1
  12              		.eabi_attribute 18, 4
  13              		.file	"stm32f1xx_it.c"
  14              		.text
  15              	.Ltext0:
  16              		.cfi_sections	.debug_frame
  17              		.file 1 "Core/Src/stm32f1xx_it.c"
  18              		.section	.text.NMI_Handler,"ax",%progbits
  19              		.align	1
  20              		.global	NMI_Handler
  21              		.syntax unified
  22              		.thumb
  23              		.thumb_func
  25              	NMI_Handler:
  26              	.LFB65:
   1:Core/Src/stm32f1xx_it.c **** /* USER CODE BEGIN Header */
   2:Core/Src/stm32f1xx_it.c **** /**
   3:Core/Src/stm32f1xx_it.c ****   ******************************************************************************
   4:Core/Src/stm32f1xx_it.c ****   * @file    stm32f1xx_it.c
   5:Core/Src/stm32f1xx_it.c ****   * @brief   Interrupt Service Routines.
   6:Core/Src/stm32f1xx_it.c ****   ******************************************************************************
   7:Core/Src/stm32f1xx_it.c ****   */
   8:Core/Src/stm32f1xx_it.c **** /* USER CODE END Header */
   9:Core/Src/stm32f1xx_it.c **** 
  10:Core/Src/stm32f1xx_it.c **** #include "main.h"
  11:Core/Src/stm32f1xx_it.c **** #include "stm32f1xx_it.h"
  12:Core/Src/stm32f1xx_it.c **** 
  13:Core/Src/stm32f1xx_it.c **** /* USER CODE BEGIN EV */
  14:Core/Src/stm32f1xx_it.c **** extern volatile uint8_t button_pressed;
  15:Core/Src/stm32f1xx_it.c **** extern volatile uint8_t button_debounce;
  16:Core/Src/stm32f1xx_it.c **** /* USER CODE END EV */
  17:Core/Src/stm32f1xx_it.c **** 
  18:Core/Src/stm32f1xx_it.c **** /******************************************************************************/
  19:Core/Src/stm32f1xx_it.c **** /*           Cortex-M3 Processor Interruption and Exception Handlers          */
  20:Core/Src/stm32f1xx_it.c **** /******************************************************************************/
  21:Core/Src/stm32f1xx_it.c **** void NMI_Handler(void) { while (1) {} }
  27              		.loc 1 21 24 view -0
  28              		.cfi_startproc
  29              		@ Volatile: function does not return.
  30              		@ args = 0, pretend = 0, frame = 0
  31              		@ frame_needed = 0, uses_anonymous_args = 0
  32              		@ link register save eliminated.
  33              	.L2:
  34              		.loc 1 21 26 view .LVU1
  35              		.loc 1 21 37 view .LVU2
  36              		.loc 1 21 32 view .LVU3
  37 0000 FEE7     		b	.L2
ARM GAS  /tmp/cc8Sc8F7.s 			page 2


  38              		.cfi_endproc
  39              	.LFE65:
  41              		.section	.text.HardFault_Handler,"ax",%progbits
  42              		.align	1
  43              		.global	HardFault_Handler
  44              		.syntax unified
  45              		.thumb
  46              		.thumb_func
  48              	HardFault_Handler:
  49              	.LFB66:
  22:Core/Src/stm32f1xx_it.c **** void HardFault_Handler(void) { while (1) {} }
  50              		.loc 1 22 30 view -0
  51              		.cfi_startproc
  52              		@ Volatile: function does not return.
  53              		@ args = 0, pretend = 0, frame = 0
  54              		@ frame_needed = 0, uses_anonymous_args = 0
  55              		@ link register save eliminated.
  56              	.L4:
  57              		.loc 1 22 32 view .LVU5
  58              		.loc 1 22 43 view .LVU6
  59              		.loc 1 22 38 view .LVU7
  60 0000 FEE7     		b	.L4
  61              		.cfi_endproc
  62              	.LFE66:
  64              		.section	.text.MemManage_Handler,"ax",%progbits
  65              		.align	1
  66              		.global	MemManage_Handler
  67              		.syntax unified
  68              		.thumb
  69              		.thumb_func
  71              	MemManage_Handler:
  72              	.LFB67:
  23:Core/Src/stm32f1xx_it.c **** void MemManage_Handler(void) { while (1) {} }
  73              		.loc 1 23 30 view -0
  74              		.cfi_startproc
  75              		@ Volatile: function does not return.
  76              		@ args = 0, pretend = 0, frame = 0
  77              		@ frame_needed = 0, uses_anonymous_args = 0
  78              		@ link register save eliminated.
  79              	.L6:
  80              		.loc 1 23 32 view .LVU9
  81              		.loc 1 23 43 view .LVU10
  82              		.loc 1 23 38 view .LVU11
  83 0000 FEE7     		b	.L6
  84              		.cfi_endproc
  85              	.LFE67:
  87              		.section	.text.BusFault_Handler,"ax",%progbits
  88              		.align	1
  89              		.global	BusFault_Handler
  90              		.syntax unified
  91              		.thumb
  92              		.thumb_func
  94              	BusFault_Handler:
  95              	.LFB68:
  24:Core/Src/stm32f1xx_it.c **** void BusFault_Handler(void) { while (1) {} }
  96              		.loc 1 24 29 view -0
  97              		.cfi_startproc
ARM GAS  /tmp/cc8Sc8F7.s 			page 3


  98              		@ Volatile: function does not return.
  99              		@ args = 0, pretend = 0, frame = 0
 100              		@ frame_needed = 0, uses_anonymous_args = 0
 101              		@ link register save eliminated.
 102              	.L8:
 103              		.loc 1 24 31 view .LVU13
 104              		.loc 1 24 42 view .LVU14
 105              		.loc 1 24 37 view .LVU15
 106 0000 FEE7     		b	.L8
 107              		.cfi_endproc
 108              	.LFE68:
 110              		.section	.text.UsageFault_Handler,"ax",%progbits
 111              		.align	1
 112              		.global	UsageFault_Handler
 113              		.syntax unified
 114              		.thumb
 115              		.thumb_func
 117              	UsageFault_Handler:
 118              	.LFB69:
  25:Core/Src/stm32f1xx_it.c **** void UsageFault_Handler(void) { while (1) {} }
 119              		.loc 1 25 31 view -0
 120              		.cfi_startproc
 121              		@ Volatile: function does not return.
 122              		@ args = 0, pretend = 0, frame = 0
 123              		@ frame_needed = 0, uses_anonymous_args = 0
 124              		@ link register save eliminated.
 125              	.L10:
 126              		.loc 1 25 33 view .LVU17
 127              		.loc 1 25 44 view .LVU18
 128              		.loc 1 25 39 view .LVU19
 129 0000 FEE7     		b	.L10
 130              		.cfi_endproc
 131              	.LFE69:
 133              		.section	.text.SVC_Handler,"ax",%progbits
 134              		.align	1
 135              		.global	SVC_Handler
 136              		.syntax unified
 137              		.thumb
 138              		.thumb_func
 140              	SVC_Handler:
 141              	.LFB70:
  26:Core/Src/stm32f1xx_it.c **** void SVC_Handler(void) {}
 142              		.loc 1 26 24 view -0
 143              		.cfi_startproc
 144              		@ args = 0, pretend = 0, frame = 0
 145              		@ frame_needed = 0, uses_anonymous_args = 0
 146              		@ link register save eliminated.
 147              		.loc 1 26 25 view .LVU21
 148 0000 7047     		bx	lr
 149              		.cfi_endproc
 150              	.LFE70:
 152              		.section	.text.DebugMon_Handler,"ax",%progbits
 153              		.align	1
 154              		.global	DebugMon_Handler
 155              		.syntax unified
 156              		.thumb
 157              		.thumb_func
ARM GAS  /tmp/cc8Sc8F7.s 			page 4


 159              	DebugMon_Handler:
 160              	.LFB71:
  27:Core/Src/stm32f1xx_it.c **** void DebugMon_Handler(void) {}
 161              		.loc 1 27 29 view -0
 162              		.cfi_startproc
 163              		@ args = 0, pretend = 0, frame = 0
 164              		@ frame_needed = 0, uses_anonymous_args = 0
 165              		@ link register save eliminated.
 166              		.loc 1 27 30 view .LVU23
 167 0000 7047     		bx	lr
 168              		.cfi_endproc
 169              	.LFE71:
 171              		.section	.text.PendSV_Handler,"ax",%progbits
 172              		.align	1
 173              		.global	PendSV_Handler
 174              		.syntax unified
 175              		.thumb
 176              		.thumb_func
 178              	PendSV_Handler:
 179              	.LFB72:
  28:Core/Src/stm32f1xx_it.c **** void PendSV_Handler(void) {}
 180              		.loc 1 28 27 view -0
 181              		.cfi_startproc
 182              		@ args = 0, pretend = 0, frame = 0
 183              		@ frame_needed = 0, uses_anonymous_args = 0
 184              		@ link register save eliminated.
 185              		.loc 1 28 28 view .LVU25
 186 0000 7047     		bx	lr
 187              		.cfi_endproc
 188              	.LFE72:
 190              		.section	.text.SysTick_Handler,"ax",%progbits
 191              		.align	1
 192              		.global	SysTick_Handler
 193              		.syntax unified
 194              		.thumb
 195              		.thumb_func
 197              	SysTick_Handler:
 198              	.LFB73:
  29:Core/Src/stm32f1xx_it.c **** void SysTick_Handler(void) {}
 199              		.loc 1 29 28 view -0
 200              		.cfi_startproc
 201              		@ args = 0, pretend = 0, frame = 0
 202              		@ frame_needed = 0, uses_anonymous_args = 0
 203              		@ link register save eliminated.
 204              		.loc 1 29 29 view .LVU27
 205 0000 7047     		bx	lr
 206              		.cfi_endproc
 207              	.LFE73:
 209              		.section	.text.EXTI0_IRQHandler,"ax",%progbits
 210              		.align	1
 211              		.global	EXTI0_IRQHandler
 212              		.syntax unified
 213              		.thumb
 214              		.thumb_func
 216              	EXTI0_IRQHandler:
 217              	.LFB74:
  30:Core/Src/stm32f1xx_it.c **** 
ARM GAS  /tmp/cc8Sc8F7.s 			page 5


  31:Core/Src/stm32f1xx_it.c **** /******************************************************************************/
  32:Core/Src/stm32f1xx_it.c **** /* STM32F1xx Peripheral Interrupt Handlers                                    */
  33:Core/Src/stm32f1xx_it.c **** /******************************************************************************/
  34:Core/Src/stm32f1xx_it.c **** 
  35:Core/Src/stm32f1xx_it.c **** /* USER CODE BEGIN 1 */
  36:Core/Src/stm32f1xx_it.c **** /**
  37:Core/Src/stm32f1xx_it.c ****   * @brief  –û–±—Ä–∞–±–æ—Ç—á–∏–∫ –ø—Ä–µ—Ä—ã–≤–∞–Ω–∏—è EXTI0 (–∫–Ω–æ–ø–∫–∞ –Ω–∞ PA0)
  38:Core/Src/stm32f1xx_it.c ****   * @note   –°—Ä–∞–±–∞—Ç—ã–≤–∞–µ—Ç –ø–æ –ø–∞–¥–∞—é—â–µ–º—É —Ñ—Ä–æ–Ω—Ç—É (–Ω–∞–∂–∞—Ç–∏–µ –∫–Ω–æ–ø–∫–
  39:Core/Src/stm32f1xx_it.c ****   */
  40:Core/Src/stm32f1xx_it.c **** void EXTI0_IRQHandler(void)
  41:Core/Src/stm32f1xx_it.c **** {
 218              		.loc 1 41 1 view -0
 219              		.cfi_startproc
 220              		@ args = 0, pretend = 0, frame = 0
 221              		@ frame_needed = 0, uses_anonymous_args = 0
 222              		@ link register save eliminated.
  42:Core/Src/stm32f1xx_it.c ****     if (EXTI->PR & EXTI_PR_PR0)  /* –ü—Ä–æ–≤–µ—Ä–∫–∞ —Ñ–ª–∞–≥–∞ –ª–∏–Ω–∏–∏ 0 */
 223              		.loc 1 42 5 view .LVU29
 224              		.loc 1 42 13 is_stmt 0 view .LVU30
 225 0000 084B     		ldr	r3, .L18
 226 0002 5B69     		ldr	r3, [r3, #20]
 227              		.loc 1 42 8 view .LVU31
 228 0004 13F0010F 		tst	r3, #1
 229 0008 0AD0     		beq	.L15
  43:Core/Src/stm32f1xx_it.c ****     {
  44:Core/Src/stm32f1xx_it.c ****         /* –ó–∞—â–∏—Ç–∞ –æ—Ç –¥—Ä–µ–±–µ–∑–≥–∞ - –ø–µ—Ä–≤–æ–µ —Å—Ä–∞–±–∞—Ç—ã–≤–∞–Ω–∏–µ */
  45:Core/Src/stm32f1xx_it.c ****         if (!button_debounce)
 230              		.loc 1 45 9 is_stmt 1 view .LVU32
 231              		.loc 1 45 13 is_stmt 0 view .LVU33
 232 000a 074B     		ldr	r3, .L18+4
 233 000c 1B78     		ldrb	r3, [r3]	@ zero_extendqisi2
 234              		.loc 1 45 12 view .LVU34
 235 000e 23B9     		cbnz	r3, .L17
  46:Core/Src/stm32f1xx_it.c ****         {
  47:Core/Src/stm32f1xx_it.c ****             button_debounce = 1;
 236              		.loc 1 47 13 is_stmt 1 view .LVU35
 237              		.loc 1 47 29 is_stmt 0 view .LVU36
 238 0010 0123     		movs	r3, #1
 239 0012 054A     		ldr	r2, .L18+4
 240 0014 1370     		strb	r3, [r2]
  48:Core/Src/stm32f1xx_it.c ****             button_pressed = 1;
 241              		.loc 1 48 13 is_stmt 1 view .LVU37
 242              		.loc 1 48 28 is_stmt 0 view .LVU38
 243 0016 054A     		ldr	r2, .L18+8
 244 0018 1370     		strb	r3, [r2]
 245              	.L17:
  49:Core/Src/stm32f1xx_it.c ****         }
  50:Core/Src/stm32f1xx_it.c ****         
  51:Core/Src/stm32f1xx_it.c ****         EXTI->PR = EXTI_PR_PR0;  /* –û—á–∏—Å—Ç–∫–∞ —Ñ–ª–∞–≥–∞ */
 246              		.loc 1 51 9 is_stmt 1 view .LVU39
 247              		.loc 1 51 18 is_stmt 0 view .LVU40
 248 001a 024B     		ldr	r3, .L18
 249 001c 0122     		movs	r2, #1
 250 001e 5A61     		str	r2, [r3, #20]
 251              	.L15:
  52:Core/Src/stm32f1xx_it.c ****     }
  53:Core/Src/stm32f1xx_it.c **** }
ARM GAS  /tmp/cc8Sc8F7.s 			page 6


 252              		.loc 1 53 1 view .LVU41
 253 0020 7047     		bx	lr
 254              	.L19:
 255 0022 00BF     		.align	2
 256              	.L18:
 257 0024 00040140 		.word	1073808384
 258 0028 00000000 		.word	button_debounce
 259 002c 00000000 		.word	button_pressed
 260              		.cfi_endproc
 261              	.LFE74:
 263              		.text
 264              	.Letext0:
 265              		.file 2 "/opt/arm-gnu-toolchain-15.2.rel1-x86_64-arm-none-eabi/arm-none-eabi/include/machine/_defa
 266              		.file 3 "/opt/arm-gnu-toolchain-15.2.rel1-x86_64-arm-none-eabi/arm-none-eabi/include/sys/_stdint.h
 267              		.file 4 "Drivers/CMSIS/Device/ST/STM32F1xx/Include/stm32f103xb.h"
ARM GAS  /tmp/cc8Sc8F7.s 			page 7


DEFINED SYMBOLS
                            *ABS*:00000000 stm32f1xx_it.c
     /tmp/cc8Sc8F7.s:19     .text.NMI_Handler:00000000 $t
     /tmp/cc8Sc8F7.s:25     .text.NMI_Handler:00000000 NMI_Handler
     /tmp/cc8Sc8F7.s:42     .text.HardFault_Handler:00000000 $t
     /tmp/cc8Sc8F7.s:48     .text.HardFault_Handler:00000000 HardFault_Handler
     /tmp/cc8Sc8F7.s:65     .text.MemManage_Handler:00000000 $t
     /tmp/cc8Sc8F7.s:71     .text.MemManage_Handler:00000000 MemManage_Handler
     /tmp/cc8Sc8F7.s:88     .text.BusFault_Handler:00000000 $t
     /tmp/cc8Sc8F7.s:94     .text.BusFault_Handler:00000000 BusFault_Handler
     /tmp/cc8Sc8F7.s:111    .text.UsageFault_Handler:00000000 $t
     /tmp/cc8Sc8F7.s:117    .text.UsageFault_Handler:00000000 UsageFault_Handler
     /tmp/cc8Sc8F7.s:134    .text.SVC_Handler:00000000 $t
     /tmp/cc8Sc8F7.s:140    .text.SVC_Handler:00000000 SVC_Handler
     /tmp/cc8Sc8F7.s:153    .text.DebugMon_Handler:00000000 $t
     /tmp/cc8Sc8F7.s:159    .text.DebugMon_Handler:00000000 DebugMon_Handler
     /tmp/cc8Sc8F7.s:172    .text.PendSV_Handler:00000000 $t
     /tmp/cc8Sc8F7.s:178    .text.PendSV_Handler:00000000 PendSV_Handler
     /tmp/cc8Sc8F7.s:191    .text.SysTick_Handler:00000000 $t
     /tmp/cc8Sc8F7.s:197    .text.SysTick_Handler:00000000 SysTick_Handler
     /tmp/cc8Sc8F7.s:210    .text.EXTI0_IRQHandler:00000000 $t
     /tmp/cc8Sc8F7.s:216    .text.EXTI0_IRQHandler:00000000 EXTI0_IRQHandler
     /tmp/cc8Sc8F7.s:257    .text.EXTI0_IRQHandler:00000024 $d

UNDEFINED SYMBOLS
button_debounce
button_pressed
